


ARM Macro Assembler    Page 1 


    1 00000000         ; Vector table and exception handlers for S0C design ass
                       ignment
    2 00000000         ; This version supports UART and SysTick interrupts
    3 00000000         
    4 00000000 00000400 
                       Stack_Size
                               EQU              0x00000400  ; 1KB of STACK
    5 00000000 20003FFC 
                       Stack_Top
                               EQU              0x20003FFC  ; top of stack at t
                                                            op of 16 KByte RAM
    6 00000000 00000400 
                       Heap_Size
                               EQU              0x00000400  ; 1KB of HEAP
    7 00000000         
    8 00000000                 AREA             STACK, NOINIT, READWRITE, ALIGN
=4
    9 00000000         Stack_Mem
                               SPACE            Stack_Size
   10 00000400         __initial_sp                         ; label set to top 
                                                            of stack space
   11 00000400         
   12 00000400                 AREA             HEAP, NOINIT, READWRITE, ALIGN=
4
   13 00000000         __heap_base
   14 00000000         Heap_Mem
                               SPACE            Heap_Size
   15 00000400         __heap_limit
   16 00000400         
   17 00000400         
   18 00000400         ; Vector Table Mapped to Address 0 at Reset
   19 00000400         
   20 00000400                 PRESERVE8
   21 00000400                 THUMB
   22 00000400         
   23 00000400                 AREA             RESET, DATA, READONLY
   24 00000000                 EXPORT           __Vectors
   25 00000000         
   26 00000000 20003FFC 
                       __Vectors
                               DCD              Stack_Top   ; Initial Stack Poi
                                                            nter
   27 00000004 00000000        DCD              Reset_Handler ; Reset Handler
   28 00000008 00000000        DCD              0           ;NMI_Handler       
                                                              ; NMI Handler (no
                                                            t used)
   29 0000000C 00000000        DCD              0           ;HardFault_Handler 
                                                              ; Hard Fault Hand
                                                            ler (not used)
   30 00000010 00000000        DCD              0           ; Reserved
   31 00000014 00000000        DCD              0           ; Reserved
   32 00000018 00000000        DCD              0           ; Reserved
   33 0000001C 00000000        DCD              0           ; Reserved
   34 00000020 00000000        DCD              0           ; Reserved
   35 00000024 00000000        DCD              0           ; Reserved
   36 00000028 00000000        DCD              0           ; Reserved
   37 0000002C 00000000        DCD              0           ;SVC_Handler       
                                                              ; SVCall Handler 
                                                            (not used)



ARM Macro Assembler    Page 2 


   38 00000030 00000000        DCD              0           ; Reserved
   39 00000034 00000000        DCD              0           ; Reserved
   40 00000038 00000000        DCD              0           ;PendSV_Handler    
                                                              ; PendSV Handler 
                                                            (not used)
   41 0000003C 00000000        DCD              SysTick_Handler 
                                                            ; SysTick Handler
   42 00000040         
   43 00000040         ; External Interrupts
   44 00000040 00000000        DCD              0           ; IRQn value 0  
   45 00000044 00000000        DCD              UART_Handler ; IRQn value 1
   46 00000048 00000000        DCD              0           ; IRQn value 2
   47 0000004C 00000000        DCD              0
   48 00000050 00000000        DCD              0
   49 00000054 00000000        DCD              0
   50 00000058 00000000        DCD              0
   51 0000005C 00000000        DCD              0
   52 00000060 00000000        DCD              0
   53 00000064 00000000        DCD              0
   54 00000068 00000000        DCD              0
   55 0000006C 00000000        DCD              0
   56 00000070 00000000        DCD              0
   57 00000074 00000000        DCD              0
   58 00000078 00000000        DCD              0
   59 0000007C 00000000        DCD              0           ; IRQn value 15
   60 00000080         
   61 00000080         
   62 00000080                 AREA             |.text|, CODE, READONLY
   63 00000000         ;Reset Handler
   64 00000000         Reset_Handler
                               PROC
   65 00000000                 GLOBAL           Reset_Handler
   66 00000000                 ENTRY
   67 00000000                 IMPORT           __main
   68 00000000 4807            LDR              R0, =__main
   69 00000002 4700            BX               R0          ;Branch to __main
   70 00000004                 ENDP
   71 00000004         
   72 00000004         SysTick_Handler
                               PROC
   73 00000004                 EXPORT           SysTick_Handler
   74 00000004                 IMPORT           SysTick_ISR
   75 00000004 B507            PUSH             {R0,R1,R2,LR}
   76 00000006 F7FF FFFE       BL               SysTick_ISR
   77 0000000A BD07            POP              {R0,R1,R2,PC}
   78 0000000C                 ENDP
   79 0000000C         
   80 0000000C         
   81 0000000C         UART_Handler
                               PROC
   82 0000000C                 EXPORT           UART_Handler
   83 0000000C                 IMPORT           UART_ISR
   84 0000000C B507            PUSH             {R0,R1,R2,LR}
   85 0000000E F7FF FFFE       BL               UART_ISR
   86 00000012 BD07            POP              {R0,R1,R2,PC}
   87 00000014                 ENDP
   88 00000014         
   89 00000014                 ALIGN            4           ; Align to a word b
                                                            oundary



ARM Macro Assembler    Page 3 


   90 00000014         
   91 00000014         ; User Initial Stack & Heap
   92 00000014                 IF               :DEF:__MICROLIB
   97 00000014                 IMPORT           __use_two_region_memory
   98 00000014                 EXPORT           __user_initial_stackheap
   99 00000014         __user_initial_stackheap
  100 00000014         
  101 00000014 4803            LDR              R0, =  Heap_Mem
  102 00000016 4904            LDR              R1, =(Stack_Mem + Stack_Size)
  103 00000018 4A04            LDR              R2, = (Heap_Mem +  Heap_Size)
  104 0000001A 4B05            LDR              R3, = Stack_Mem
  105 0000001C 4770            BX               LR
  106 0000001E         
  107 0000001E 00 00           ALIGN
  108 00000020         
  109 00000020                 ENDIF
  110 00000020         
  111 00000020                 END
              00000000 
              00000000 
              00000400 
              00000400 
              00000000 
Command Line: --debug --xref --cpu=Cortex-M0 --apcs=interwork --depend=.\temp_f
iles\cm0dsasm.d -o.\temp_files\cm0dsasm.o -IC:\Keil_v4\ARM\RV31\INC -IC:\Keil_v
4\ARM\CMSIS\Include --predefine="__EVAL SETA 1" --list=.\temp_files\cm0dsasm.ls
t cm0dsasm.s



ARM Macro Assembler    Page 1 Alphabetic symbol ordering
Relocatable symbols

STACK 00000000

Symbol: STACK
   Definitions
      At line 8 in file cm0dsasm.s
   Uses
      None
Comment: STACK unused
Stack_Mem 00000000

Symbol: Stack_Mem
   Definitions
      At line 9 in file cm0dsasm.s
   Uses
      At line 102 in file cm0dsasm.s
      At line 104 in file cm0dsasm.s

__initial_sp 00000400

Symbol: __initial_sp
   Definitions
      At line 10 in file cm0dsasm.s
   Uses
      None
Comment: __initial_sp unused
3 symbols



ARM Macro Assembler    Page 1 Alphabetic symbol ordering
Relocatable symbols

HEAP 00000000

Symbol: HEAP
   Definitions
      At line 12 in file cm0dsasm.s
   Uses
      None
Comment: HEAP unused
Heap_Mem 00000000

Symbol: Heap_Mem
   Definitions
      At line 14 in file cm0dsasm.s
   Uses
      At line 101 in file cm0dsasm.s
      At line 103 in file cm0dsasm.s

__heap_base 00000000

Symbol: __heap_base
   Definitions
      At line 13 in file cm0dsasm.s
   Uses
      None
Comment: __heap_base unused
__heap_limit 00000400

Symbol: __heap_limit
   Definitions
      At line 15 in file cm0dsasm.s
   Uses
      None
Comment: __heap_limit unused
4 symbols



ARM Macro Assembler    Page 1 Alphabetic symbol ordering
Relocatable symbols

RESET 00000000

Symbol: RESET
   Definitions
      At line 23 in file cm0dsasm.s
   Uses
      None
Comment: RESET unused
__Vectors 00000000

Symbol: __Vectors
   Definitions
      At line 26 in file cm0dsasm.s
   Uses
      At line 24 in file cm0dsasm.s
Comment: __Vectors used once
2 symbols



ARM Macro Assembler    Page 1 Alphabetic symbol ordering
Relocatable symbols

.text 00000000

Symbol: .text
   Definitions
      At line 62 in file cm0dsasm.s
   Uses
      None
Comment: .text unused
Reset_Handler 00000000

Symbol: Reset_Handler
   Definitions
      At line 64 in file cm0dsasm.s
   Uses
      At line 27 in file cm0dsasm.s
      At line 65 in file cm0dsasm.s

SysTick_Handler 00000004

Symbol: SysTick_Handler
   Definitions
      At line 72 in file cm0dsasm.s
   Uses
      At line 41 in file cm0dsasm.s
      At line 73 in file cm0dsasm.s

UART_Handler 0000000C

Symbol: UART_Handler
   Definitions
      At line 81 in file cm0dsasm.s
   Uses
      At line 45 in file cm0dsasm.s
      At line 82 in file cm0dsasm.s

__user_initial_stackheap 00000014

Symbol: __user_initial_stackheap
   Definitions
      At line 99 in file cm0dsasm.s
   Uses
      At line 98 in file cm0dsasm.s
Comment: __user_initial_stackheap used once
5 symbols



ARM Macro Assembler    Page 1 Alphabetic symbol ordering
Absolute symbols

Heap_Size 00000400

Symbol: Heap_Size
   Definitions
      At line 6 in file cm0dsasm.s
   Uses
      At line 14 in file cm0dsasm.s
      At line 103 in file cm0dsasm.s

Stack_Size 00000400

Symbol: Stack_Size
   Definitions
      At line 4 in file cm0dsasm.s
   Uses
      At line 9 in file cm0dsasm.s
      At line 102 in file cm0dsasm.s

Stack_Top 20003FFC

Symbol: Stack_Top
   Definitions
      At line 5 in file cm0dsasm.s
   Uses
      At line 26 in file cm0dsasm.s
Comment: Stack_Top used once
3 symbols



ARM Macro Assembler    Page 1 Alphabetic symbol ordering
External symbols

SysTick_ISR 00000000

Symbol: SysTick_ISR
   Definitions
      At line 74 in file cm0dsasm.s
   Uses
      At line 76 in file cm0dsasm.s
Comment: SysTick_ISR used once
UART_ISR 00000000

Symbol: UART_ISR
   Definitions
      At line 83 in file cm0dsasm.s
   Uses
      At line 85 in file cm0dsasm.s
Comment: UART_ISR used once
__main 00000000

Symbol: __main
   Definitions
      At line 67 in file cm0dsasm.s
   Uses
      At line 68 in file cm0dsasm.s
Comment: __main used once
__use_two_region_memory 00000000

Symbol: __use_two_region_memory
   Definitions
      At line 97 in file cm0dsasm.s
   Uses
      None
Comment: __use_two_region_memory unused
4 symbols
356 symbols in table
